2023-04-29 17:45:40 [scrapy.utils.log] INFO: Scrapy 2.7.1 started (bot: tripadvisor)
2023-04-29 17:45:40 [scrapy.utils.log] INFO: Versions: lxml 4.9.2.0, libxml2 2.9.12, cssselect 1.2.0, parsel 1.8.1, w3lib 2.1.1, Twisted 22.10.0, Python 3.10.11 (tags/v3.10.11:7d4cc5a, Apr  5 2023, 00:38:17) [MSC v.1929 64 bit (AMD64)], pyOpenSSL 23.1.1 (OpenSSL 3.1.0 14 Mar 2023), cryptography 40.0.2, Platform Windows-10-10.0.22000-SP0
2023-04-29 17:45:40 [scrapy.crawler] INFO: Overridden settings:
{'BOT_NAME': 'tripadvisor',
 'FEED_EXPORT_ENCODING': 'utf-8',
 'LOG_FILE': 'scrapy.log',
 'NEWSPIDER_MODULE': 'tripadvisor.spiders',
 'ROBOTSTXT_OBEY': True,
 'SPIDER_MODULES': ['tripadvisor.spiders']}
2023-04-29 17:45:40 [py.warnings] WARNING: C:\Users\d7820\AppData\Local\Programs\Python\Python310\lib\site-packages\scrapy\utils\request.py:231: ScrapyDeprecationWarning: '2.6' is a deprecated value for the 'REQUEST_FINGERPRINTER_IMPLEMENTATION' setting.

It is also the default value. In other words, it is normal to get this warning if you have not defined a value for the 'REQUEST_FINGERPRINTER_IMPLEMENTATION' setting. This is so for backward compatibility reasons, but it will change in a future version of Scrapy.

See the documentation of the 'REQUEST_FINGERPRINTER_IMPLEMENTATION' setting for information on how to handle this deprecation.
  return cls(crawler)

2023-04-29 17:45:40 [scrapy.utils.log] DEBUG: Using reactor: twisted.internet.selectreactor.SelectReactor
2023-04-29 17:45:40 [scrapy.extensions.telnet] INFO: Telnet Password: 2bcea646b1173fd7
2023-04-29 17:45:40 [scrapy.middleware] INFO: Enabled extensions:
['scrapy.extensions.corestats.CoreStats',
 'scrapy.extensions.telnet.TelnetConsole',
 'scrapy.extensions.logstats.LogStats']
2023-04-29 17:45:40 [scrapy.middleware] INFO: Enabled downloader middlewares:
['scrapy.downloadermiddlewares.robotstxt.RobotsTxtMiddleware',
 'scrapy.downloadermiddlewares.httpauth.HttpAuthMiddleware',
 'scrapy.downloadermiddlewares.downloadtimeout.DownloadTimeoutMiddleware',
 'scrapy.downloadermiddlewares.defaultheaders.DefaultHeadersMiddleware',
 'scrapy.downloadermiddlewares.useragent.UserAgentMiddleware',
 'scrapy.downloadermiddlewares.retry.RetryMiddleware',
 'scrapy.downloadermiddlewares.redirect.MetaRefreshMiddleware',
 'scrapy.downloadermiddlewares.httpcompression.HttpCompressionMiddleware',
 'scrapy.downloadermiddlewares.redirect.RedirectMiddleware',
 'scrapy.downloadermiddlewares.cookies.CookiesMiddleware',
 'scrapy.downloadermiddlewares.httpproxy.HttpProxyMiddleware',
 'scrapy.downloadermiddlewares.stats.DownloaderStats']
2023-04-29 17:45:40 [scrapy.middleware] INFO: Enabled spider middlewares:
['scrapy.spidermiddlewares.httperror.HttpErrorMiddleware',
 'scrapy.spidermiddlewares.offsite.OffsiteMiddleware',
 'scrapy.spidermiddlewares.referer.RefererMiddleware',
 'scrapy.spidermiddlewares.urllength.UrlLengthMiddleware',
 'scrapy.spidermiddlewares.depth.DepthMiddleware']
2023-04-29 17:45:45 [scrapy.middleware] INFO: Enabled item pipelines:
['tripadvisor.pipelines.TripadvisorPipeline']
2023-04-29 17:45:45 [scrapy.core.engine] INFO: Spider opened
2023-04-29 17:45:45 [scrapy.extensions.logstats] INFO: Crawled 0 pages (at 0 pages/min), scraped 0 items (at 0 items/min)
2023-04-29 17:45:45 [scrapy.extensions.telnet] INFO: Telnet console listening on 127.0.0.1:6023
2023-04-29 17:45:45 [pymongo.ocsp_support] DEBUG: Peer did not staple an OCSP response
2023-04-29 17:45:45 [pymongo.ocsp_support] DEBUG: Requesting OCSP data
2023-04-29 17:45:45 [pymongo.ocsp_support] DEBUG: Trying http://r3.o.lencr.org
2023-04-29 17:45:45 [pymongo.ocsp_support] DEBUG: Peer did not staple an OCSP response
2023-04-29 17:45:45 [pymongo.ocsp_support] DEBUG: Requesting OCSP data
2023-04-29 17:45:45 [pymongo.ocsp_support] DEBUG: Trying http://r3.o.lencr.org
2023-04-29 17:45:45 [pymongo.ocsp_support] DEBUG: Peer did not staple an OCSP response
2023-04-29 17:45:45 [pymongo.ocsp_support] DEBUG: Requesting OCSP data
2023-04-29 17:45:45 [pymongo.ocsp_support] DEBUG: Trying http://r3.o.lencr.org
2023-04-29 17:45:45 [urllib3.connectionpool] DEBUG: Starting new HTTP connection (1): r3.o.lencr.org:80
2023-04-29 17:45:45 [urllib3.connectionpool] DEBUG: Starting new HTTP connection (1): r3.o.lencr.org:80
2023-04-29 17:45:45 [urllib3.connectionpool] DEBUG: Starting new HTTP connection (1): r3.o.lencr.org:80
2023-04-29 17:45:45 [urllib3.connectionpool] DEBUG: http://r3.o.lencr.org:80 "POST / HTTP/1.1" 200 503
2023-04-29 17:45:45 [pymongo.ocsp_support] DEBUG: OCSP response status: <OCSPResponseStatus.SUCCESSFUL: 0>
2023-04-29 17:45:45 [pymongo.ocsp_support] DEBUG: Verifying response
2023-04-29 17:45:45 [pymongo.ocsp_support] DEBUG: Responder is issuer
2023-04-29 17:45:45 [pymongo.ocsp_support] DEBUG: Caching OCSP response.
2023-04-29 17:45:45 [pymongo.ocsp_support] DEBUG: OCSP cert status: <OCSPCertStatus.GOOD: 0>
2023-04-29 17:45:45 [urllib3.connectionpool] DEBUG: http://r3.o.lencr.org:80 "POST / HTTP/1.1" 200 503
2023-04-29 17:45:45 [urllib3.connectionpool] DEBUG: http://r3.o.lencr.org:80 "POST / HTTP/1.1" 200 503
2023-04-29 17:45:45 [pymongo.ocsp_support] DEBUG: OCSP response status: <OCSPResponseStatus.SUCCESSFUL: 0>
2023-04-29 17:45:45 [pymongo.ocsp_support] DEBUG: OCSP response status: <OCSPResponseStatus.SUCCESSFUL: 0>
2023-04-29 17:45:45 [pymongo.ocsp_support] DEBUG: Verifying response
2023-04-29 17:45:45 [pymongo.ocsp_support] DEBUG: Verifying response
2023-04-29 17:45:45 [pymongo.ocsp_support] DEBUG: Responder is issuer
2023-04-29 17:45:45 [pymongo.ocsp_support] DEBUG: Responder is issuer
2023-04-29 17:45:45 [pymongo.ocsp_support] DEBUG: Caching OCSP response.
2023-04-29 17:45:45 [pymongo.ocsp_support] DEBUG: OCSP cert status: <OCSPCertStatus.GOOD: 0>
2023-04-29 17:45:45 [pymongo.ocsp_support] DEBUG: Caching OCSP response.
2023-04-29 17:45:45 [pymongo.ocsp_support] DEBUG: OCSP cert status: <OCSPCertStatus.GOOD: 0>
2023-04-29 17:45:46 [pymongo.ocsp_support] DEBUG: Peer did not staple an OCSP response
2023-04-29 17:45:46 [pymongo.ocsp_support] DEBUG: Requesting OCSP data
2023-04-29 17:45:46 [pymongo.ocsp_support] DEBUG: Trying http://r3.o.lencr.org
2023-04-29 17:45:46 [pymongo.ocsp_support] DEBUG: Using cached OCSP response.
2023-04-29 17:45:46 [pymongo.ocsp_support] DEBUG: OCSP cert status: <OCSPCertStatus.GOOD: 0>
2023-04-29 17:45:46 [pymongo.ocsp_support] DEBUG: Peer did not staple an OCSP response
2023-04-29 17:45:46 [pymongo.ocsp_support] DEBUG: Requesting OCSP data
2023-04-29 17:45:46 [pymongo.ocsp_support] DEBUG: Trying http://r3.o.lencr.org
2023-04-29 17:45:46 [pymongo.ocsp_support] DEBUG: Using cached OCSP response.
2023-04-29 17:45:46 [pymongo.ocsp_support] DEBUG: OCSP cert status: <OCSPCertStatus.GOOD: 0>
2023-04-29 17:45:46 [pymongo.ocsp_support] DEBUG: Peer did not staple an OCSP response
2023-04-29 17:45:46 [pymongo.ocsp_support] DEBUG: Requesting OCSP data
2023-04-29 17:45:46 [pymongo.ocsp_support] DEBUG: Trying http://r3.o.lencr.org
2023-04-29 17:45:46 [pymongo.ocsp_support] DEBUG: Using cached OCSP response.
2023-04-29 17:45:46 [pymongo.ocsp_support] DEBUG: OCSP cert status: <OCSPCertStatus.GOOD: 0>
2023-04-29 17:45:46 [filelock] DEBUG: Attempting to acquire lock 2147114512544 on C:\Users\d7820\AppData\Local\Programs\Python\Python310\lib\site-packages\tldextract\.suffix_cache/publicsuffix.org-tlds\de84b5ca2167d4c83e38fb162f2e8738.tldextract.json.lock
2023-04-29 17:45:46 [filelock] DEBUG: Lock 2147114512544 acquired on C:\Users\d7820\AppData\Local\Programs\Python\Python310\lib\site-packages\tldextract\.suffix_cache/publicsuffix.org-tlds\de84b5ca2167d4c83e38fb162f2e8738.tldextract.json.lock
2023-04-29 17:45:46 [filelock] DEBUG: Attempting to release lock 2147114512544 on C:\Users\d7820\AppData\Local\Programs\Python\Python310\lib\site-packages\tldextract\.suffix_cache/publicsuffix.org-tlds\de84b5ca2167d4c83e38fb162f2e8738.tldextract.json.lock
2023-04-29 17:45:46 [filelock] DEBUG: Lock 2147114512544 released on C:\Users\d7820\AppData\Local\Programs\Python\Python310\lib\site-packages\tldextract\.suffix_cache/publicsuffix.org-tlds\de84b5ca2167d4c83e38fb162f2e8738.tldextract.json.lock
2023-04-29 17:45:46 [scrapy.core.engine] DEBUG: Crawled (200) <GET https://www.tripadvisor.com.vn/robots.txt> (referer: None)
2023-04-29 17:45:48 [scrapy.core.engine] DEBUG: Crawled (200) <GET https://www.tripadvisor.com.vn/Hotels-g293924-Hanoi-Hotels.html> (referer: None)
2023-04-29 17:45:48 [py.warnings] WARNING: C:\Users\d7820\AppData\Local\Programs\Python\Python310\lib\site-packages\scrapy\selector\unified.py:82: UserWarning: Selector got both text and root, root is being ignored.
  super().__init__(text=text, type=st, root=root, **kwargs)

2023-04-29 17:45:48 [scrapy.core.engine] INFO: Closing spider (finished)
2023-04-29 17:45:48 [scrapy.statscollectors] INFO: Dumping Scrapy stats:
{'downloader/request_bytes': 1022,
 'downloader/request_count': 2,
 'downloader/request_method_count/GET': 2,
 'downloader/response_bytes': 124226,
 'downloader/response_count': 2,
 'downloader/response_status_count/200': 2,
 'elapsed_time_seconds': 2.745867,
 'finish_reason': 'finished',
 'finish_time': datetime.datetime(2023, 4, 29, 10, 45, 48, 342418),
 'httpcompression/response_bytes': 1139114,
 'httpcompression/response_count': 2,
 'log_count/DEBUG': 52,
 'log_count/INFO': 10,
 'log_count/WARNING': 2,
 'response_received_count': 2,
 'robotstxt/request_count': 1,
 'robotstxt/response_count': 1,
 'robotstxt/response_status_count/200': 1,
 'scheduler/dequeued': 1,
 'scheduler/dequeued/memory': 1,
 'scheduler/enqueued': 1,
 'scheduler/enqueued/memory': 1,
 'start_time': datetime.datetime(2023, 4, 29, 10, 45, 45, 596551)}
2023-04-29 17:45:48 [scrapy.core.engine] INFO: Spider closed (finished)
